<?xml version="1.0" encoding="UTF-8"?>
<testsuite xmlns:xsi="http://www.w3.org/2001/XMLSchema-instance" xsi:noNamespaceSchemaLocation="https://maven.apache.org/surefire/maven-surefire-plugin/xsd/surefire-test-report-3.0.xsd" version="3.0" name="ejercicio2.Ejercicio2Test" time="0.388" tests="23" errors="0" skipped="0" failures="0">
  <properties>
    <property name="java.specification.version" value="21"/>
    <property name="sun.cpu.isalist" value="amd64"/>
    <property name="sun.jnu.encoding" value="Cp1252"/>
    <property name="java.class.path" value="C:\WORKSPACES\MDS2\Ejercicio2\target\test-classes;C:\WORKSPACES\MDS2\Ejercicio2\target\classes;C:\Users\Jorge\.m2\repository\org\junit\jupiter\junit-jupiter-api\5.12.2\junit-jupiter-api-5.12.2.jar;C:\Users\Jorge\.m2\repository\org\opentest4j\opentest4j\1.3.0\opentest4j-1.3.0.jar;C:\Users\Jorge\.m2\repository\org\junit\platform\junit-platform-commons\1.12.2\junit-platform-commons-1.12.2.jar;C:\Users\Jorge\.m2\repository\org\apiguardian\apiguardian-api\1.1.2\apiguardian-api-1.1.2.jar;C:\Users\Jorge\.m2\repository\org\junit\jupiter\junit-jupiter-engine\5.12.2\junit-jupiter-engine-5.12.2.jar;C:\Users\Jorge\.m2\repository\org\junit\platform\junit-platform-engine\1.12.2\junit-platform-engine-1.12.2.jar;C:\Users\Jorge\.m2\repository\org\junit\jupiter\junit-jupiter-params\5.12.2\junit-jupiter-params-5.12.2.jar;C:\Users\Jorge\.m2\repository\org\junit\platform\junit-platform-runner\1.12.2\junit-platform-runner-1.12.2.jar;C:\Users\Jorge\.m2\repository\org\junit\platform\junit-platform-launcher\1.12.2\junit-platform-launcher-1.12.2.jar;C:\Users\Jorge\.m2\repository\org\junit\platform\junit-platform-suite-api\1.12.2\junit-platform-suite-api-1.12.2.jar;C:\Users\Jorge\.m2\repository\org\junit\platform\junit-platform-suite-commons\1.12.2\junit-platform-suite-commons-1.12.2.jar;C:\Users\Jorge\.m2\repository\junit\junit\4.12\junit-4.12.jar;C:\Users\Jorge\.m2\repository\org\hamcrest\hamcrest-core\1.3\hamcrest-core-1.3.jar;C:\Users\Jorge\.m2\repository\org\apache\commons\commons-collections4\4.0\commons-collections4-4.0.jar;C:\Users\Jorge\.m2\repository\org\apache\logging\log4j\log4j-core\2.15.0\log4j-core-2.15.0.jar;C:\Users\Jorge\.m2\repository\org\apache\logging\log4j\log4j-api\2.15.0\log4j-api-2.15.0.jar;C:\Users\Jorge\.m2\repository\nl\talsmasoftware\umldoclet\2.2.1\umldoclet-2.2.1.jar;C:\Users\Jorge\.m2\repository\com\google\gwt\gwt-servlet\2.8.2\gwt-servlet-2.8.2.jar;"/>
    <property name="java.vm.vendor" value="Eclipse Adoptium"/>
    <property name="sun.arch.data.model" value="64"/>
    <property name="user.variant" value=""/>
    <property name="java.vendor.url" value="https://adoptium.net/"/>
    <property name="user.timezone" value="Europe/Madrid"/>
    <property name="os.name" value="Windows 11"/>
    <property name="java.vm.specification.version" value="21"/>
    <property name="sun.java.launcher" value="SUN_STANDARD"/>
    <property name="user.country" value="ES"/>
    <property name="sun.boot.library.path" value="C:\Program Files\Eclipse Adoptium\jdk-21.0.5.11-hotspot\bin"/>
    <property name="sun.java.command" value="C:\Users\Jorge\AppData\Local\Temp\surefire14658071781829433904\surefirebooter15063555116871548712.jar C:\Users\Jorge\AppData\Local\Temp\surefire14658071781829433904 2025-06-17T18-48-24_419-jvmRun1 surefire1161279332250969237tmp surefire_014241359001601719052tmp"/>
    <property name="jdk.debug" value="release"/>
    <property name="surefire.test.class.path" value="C:\WORKSPACES\MDS2\Ejercicio2\target\test-classes;C:\WORKSPACES\MDS2\Ejercicio2\target\classes;C:\Users\Jorge\.m2\repository\org\junit\jupiter\junit-jupiter-api\5.12.2\junit-jupiter-api-5.12.2.jar;C:\Users\Jorge\.m2\repository\org\opentest4j\opentest4j\1.3.0\opentest4j-1.3.0.jar;C:\Users\Jorge\.m2\repository\org\junit\platform\junit-platform-commons\1.12.2\junit-platform-commons-1.12.2.jar;C:\Users\Jorge\.m2\repository\org\apiguardian\apiguardian-api\1.1.2\apiguardian-api-1.1.2.jar;C:\Users\Jorge\.m2\repository\org\junit\jupiter\junit-jupiter-engine\5.12.2\junit-jupiter-engine-5.12.2.jar;C:\Users\Jorge\.m2\repository\org\junit\platform\junit-platform-engine\1.12.2\junit-platform-engine-1.12.2.jar;C:\Users\Jorge\.m2\repository\org\junit\jupiter\junit-jupiter-params\5.12.2\junit-jupiter-params-5.12.2.jar;C:\Users\Jorge\.m2\repository\org\junit\platform\junit-platform-runner\1.12.2\junit-platform-runner-1.12.2.jar;C:\Users\Jorge\.m2\repository\org\junit\platform\junit-platform-launcher\1.12.2\junit-platform-launcher-1.12.2.jar;C:\Users\Jorge\.m2\repository\org\junit\platform\junit-platform-suite-api\1.12.2\junit-platform-suite-api-1.12.2.jar;C:\Users\Jorge\.m2\repository\org\junit\platform\junit-platform-suite-commons\1.12.2\junit-platform-suite-commons-1.12.2.jar;C:\Users\Jorge\.m2\repository\junit\junit\4.12\junit-4.12.jar;C:\Users\Jorge\.m2\repository\org\hamcrest\hamcrest-core\1.3\hamcrest-core-1.3.jar;C:\Users\Jorge\.m2\repository\org\apache\commons\commons-collections4\4.0\commons-collections4-4.0.jar;C:\Users\Jorge\.m2\repository\org\apache\logging\log4j\log4j-core\2.15.0\log4j-core-2.15.0.jar;C:\Users\Jorge\.m2\repository\org\apache\logging\log4j\log4j-api\2.15.0\log4j-api-2.15.0.jar;C:\Users\Jorge\.m2\repository\nl\talsmasoftware\umldoclet\2.2.1\umldoclet-2.2.1.jar;C:\Users\Jorge\.m2\repository\com\google\gwt\gwt-servlet\2.8.2\gwt-servlet-2.8.2.jar;"/>
    <property name="sun.cpu.endian" value="little"/>
    <property name="user.home" value="C:\Users\Jorge"/>
    <property name="user.language" value="es"/>
    <property name="java.specification.vendor" value="Oracle Corporation"/>
    <property name="java.version.date" value="2024-10-15"/>
    <property name="java.home" value="C:\Program Files\Eclipse Adoptium\jdk-21.0.5.11-hotspot"/>
    <property name="file.separator" value="\"/>
    <property name="basedir" value="C:\WORKSPACES\MDS2\Ejercicio2"/>
    <property name="style.color" value="always"/>
    <property name="java.vm.compressedOopsMode" value="32-bit"/>
    <property name="line.separator" value="&#10;"/>
    <property name="java.vm.specification.vendor" value="Oracle Corporation"/>
    <property name="java.specification.name" value="Java Platform API Specification"/>
    <property name="surefire.real.class.path" value="C:\Users\Jorge\AppData\Local\Temp\surefire14658071781829433904\surefirebooter15063555116871548712.jar"/>
    <property name="user.script" value=""/>
    <property name="sun.management.compiler" value="HotSpot 64-Bit Tiered Compilers"/>
    <property name="java.runtime.version" value="21.0.5+11-LTS"/>
    <property name="user.name" value="Jorge"/>
    <property name="stdout.encoding" value="Cp1252"/>
    <property name="path.separator" value=";"/>
    <property name="os.version" value="10.0"/>
    <property name="java.runtime.name" value="OpenJDK Runtime Environment"/>
    <property name="file.encoding" value="UTF-8"/>
    <property name="java.vm.name" value="OpenJDK 64-Bit Server VM"/>
    <property name="java.vendor.version" value="Temurin-21.0.5+11"/>
    <property name="localRepository" value="C:\Users\Jorge\.m2\repository"/>
    <property name="java.vendor.url.bug" value="https://github.com/adoptium/adoptium-support/issues"/>
    <property name="java.io.tmpdir" value="C:\Users\Jorge\AppData\Local\Temp\"/>
    <property name="java.version" value="21.0.5"/>
    <property name="user.dir" value="C:\WORKSPACES\MDS2\Ejercicio2"/>
    <property name="os.arch" value="amd64"/>
    <property name="java.vm.specification.name" value="Java Virtual Machine Specification"/>
    <property name="sun.os.patch.level" value=""/>
    <property name="native.encoding" value="Cp1252"/>
    <property name="java.library.path" value="C:\Program Files\Eclipse Adoptium\jdk-21.0.5.11-hotspot\bin;C:\WINDOWS\Sun\Java\bin;C:\WINDOWS\system32;C:\WINDOWS;C:/Users/Jorge/.p2/pool/plugins/org.eclipse.justj.openjdk.hotspot.jre.full.win32.x86_64_23.0.2.v20250131-0604/jre/bin/server;C:/Users/Jorge/.p2/pool/plugins/org.eclipse.justj.openjdk.hotspot.jre.full.win32.x86_64_23.0.2.v20250131-0604/jre/bin;C:\Program Files (x86)\VMware\VMware Player\bin\;C:\Python313\Scripts\;C:\Python313\;C:\Program Files\Eclipse Adoptium\jdk-21.0.5.11-hotspot\bin;C:\Python312\Scripts\;C:\Python312\;C:\Program Files\Common Files\Oracle\Java\javapath;C:\Program Files (x86)\Common Files\Oracle\Java\javapath;C:\Windows\system32;C:\Windows;C:\Windows\System32\Wbem;C:\Windows\System32\WindowsPowerShell\v1.0\;C:\Windows\System32\OpenSSH\;C:\Program Files (x86)\NVIDIA Corporation\PhysX\Common;C:\WINDOWS\system32;C:\WINDOWS;C:\WINDOWS\System32\Wbem;C:\WINDOWS\System32\WindowsPowerShell\v1.0\;C:\WINDOWS\System32\OpenSSH\;C:\Program Files\NVIDIA Corporation\NVIDIA NvDLISR;C:\Program Files\Microsoft SQL Server\150\Tools\Binn\;C:\Program Files\GitHub CLI\;C:\ProgramData\chocolatey\bin;C:\xampp\php;C:\ProgramData\ComposerSetup\bin;C:\Program Files\Git\cmd;C:\Program Files\nodejs\;C:\Program Files\Docker\Docker\resources\bin;C:\Program Files\Apache\Maven\apache-maven-3.9.9\bin;C:\Users\Jorge\.pyenv\bin;C:\Users\Jorge\.pyenv\shims;C:\Program Files (x86)\VMware\VMware Player\bin\;C:\Python313\Scripts\;C:\Python313\;C:\Program Files\Eclipse Adoptium\jdk-21.0.5.11-hotspot\bin;C:\Python312\Scripts\;C:\Python312\;C:\Program Files\Common Files\Oracle\Java\javapath;C:\Program Files (x86)\Common Files\Oracle\Java\javapath;C:\Windows\system32;C:\Windows;C:\Windows\System32\Wbem;C:\Windows\System32\WindowsPowerShell\v1.0\;C:\Windows\System32\OpenSSH\;C:\Program Files (x86)\NVIDIA Corporation\PhysX\Common;C:\WINDOWS\system32;C:\WINDOWS;C:\WINDOWS\System32\Wbem;C:\WINDOWS\System32\WindowsPowerShell\v1.0\;C:\WINDOWS\System32\OpenSSH\;C:\Program Files\NVIDIA Corporation\NVIDIA NvDLISR;C:\Program Files\Microsoft SQL Server\150\Tools\Binn\;C:\Program Files\GitHub CLI\;C:\ProgramData\chocolatey\bin;C:\xampp\php;C:\ProgramData\ComposerSetup\bin;C:\Program Files\Git\cmd;C:\Program Files\nodejs\;C:\Program Files\Docker\Docker\resources\bin;C:\Program Files\Apache\Maven\apache-maven-3.9.9\bin;C:\Program Files\dotnet\;C:\Users\Jorge\AppData\Local\pnpm;C:\Users\Jorge\.cargo\bin;C:\Program Files\MySQL\MySQL Shell 8.0\bin\;C:\Users\Jorge\AppData\Local\Microsoft\WindowsApps;C:\Users\Jorge\AppData\Local\Programs\Microsoft VS Code\bin;C:\Users\Jorge\AppData\Roaming\Composer\vendor\bin;C:\Users\Jorge\AppData\Roaming\npm;%MAVEN_HOME%\bin;C:\Users\Jorge\.dotnet\tools;C:\ECLIPSES\jee-2024-12\eclipse;;."/>
    <property name="java.vm.info" value="mixed mode, sharing"/>
    <property name="stderr.encoding" value="Cp1252"/>
    <property name="java.vendor" value="Eclipse Adoptium"/>
    <property name="java.vm.version" value="21.0.5+11-LTS"/>
    <property name="sun.io.unicode.encoding" value="UnicodeLittle"/>
    <property name="java.class.version" value="65.0"/>
  </properties>
  <testcase name="testIsDateCorrect(int, int, int, boolean)[1]" classname="ejercicio2.Ejercicio2Test" time="0.112"/>
  <testcase name="testIsDateCorrect(int, int, int, boolean)[2]" classname="ejercicio2.Ejercicio2Test" time="0.002"/>
  <testcase name="testIsDateCorrect(int, int, int, boolean)[3]" classname="ejercicio2.Ejercicio2Test" time="0.002"/>
  <testcase name="testIsDateCorrect(int, int, int, boolean)[4]" classname="ejercicio2.Ejercicio2Test" time="0.001"/>
  <testcase name="testIsDateCorrect(int, int, int, boolean)[5]" classname="ejercicio2.Ejercicio2Test" time="0.001"/>
  <testcase name="testIsDateCorrect(int, int, int, boolean)[6]" classname="ejercicio2.Ejercicio2Test" time="0.002"/>
  <testcase name="testIsDateCorrect(int, int, int, boolean)[7]" classname="ejercicio2.Ejercicio2Test" time="0.002"/>
  <testcase name="testIsDateCorrect(int, int, int, boolean)[8]" classname="ejercicio2.Ejercicio2Test" time="0.002"/>
  <testcase name="testIsDateCorrect(int, int, int, boolean)[9]" classname="ejercicio2.Ejercicio2Test" time="0.001"/>
  <testcase name="testIsDateCorrect(int, int, int, boolean)[10]" classname="ejercicio2.Ejercicio2Test" time="0.001"/>
  <testcase name="testIsDateCorrect(int, int, int, boolean)[11]" classname="ejercicio2.Ejercicio2Test" time="0.001"/>
  <testcase name="testIsDateCorrect(int, int, int, boolean)[12]" classname="ejercicio2.Ejercicio2Test" time="0.001"/>
  <testcase name="testIsDateCorrect(int, int, int, boolean)[13]" classname="ejercicio2.Ejercicio2Test" time="0.002"/>
  <testcase name="testIsDateCorrect(int, int, int, boolean)[14]" classname="ejercicio2.Ejercicio2Test" time="0.002"/>
  <testcase name="testIsDateCorrect(int, int, int, boolean)[15]" classname="ejercicio2.Ejercicio2Test" time="0.001"/>
  <testcase name="testIsDateCorrect(int, int, int, boolean)[16]" classname="ejercicio2.Ejercicio2Test" time="0.002"/>
  <testcase name="testIsDateCorrect(int, int, int, boolean)[17]" classname="ejercicio2.Ejercicio2Test" time="0.001"/>
  <testcase name="testIsDateCorrect(int, int, int, boolean)[18]" classname="ejercicio2.Ejercicio2Test" time="0.002"/>
  <testcase name="testIsDateCorrect(int, int, int, boolean)[19]" classname="ejercicio2.Ejercicio2Test" time="0.002"/>
  <testcase name="testIsDateCorrect(int, int, int, boolean)[20]" classname="ejercicio2.Ejercicio2Test" time="0.002"/>
  <testcase name="testIsDateCorrect(int, int, int, boolean)[21]" classname="ejercicio2.Ejercicio2Test" time="0.001"/>
  <testcase name="testIsDateCorrect(int, int, int, boolean)[22]" classname="ejercicio2.Ejercicio2Test" time="0.002"/>
  <testcase name="testIsDateCorrect(int, int, int, boolean)[23]" classname="ejercicio2.Ejercicio2Test" time="0.001"/>
</testsuite>